<?xml version="1.0" encoding="UTF-8"?>
<!-- Generated by org.testng.reporters.JUnitReportReporter -->
<testsuite hostname="DESKTOP-6SGH5T8" failures="0" tests="1" name="gittry.GittryTest" time="11.209" errors="0" timestamp="2021-01-22T14:51:16 PKT" skipped="0">
  <testcase classname="gittry.GittryTest" name="login" time="11.209"/>
  <system-out/>
</testsuite> <!-- gittry.GittryTest -->
